<?xml version="1.0" encoding="UTF-8"?>
<!-- Generated by org.testng.reporters.JUnitReportReporter -->
<testsuite skipped="0" hostname="LAPTOP-0QJFP7EQ" name="practice.CustomerdataTest" tests="3" failures="0" timestamp="21 Jan 2022 05:04:35 GMT" time="0.018" errors="0">
  <testcase name="createCustomerTest" time="0.015" classname="practice.CustomerdataTest"/>
  <testcase name="deleteCustomerTest" time="0.002" classname="practice.CustomerdataTest"/>
  <testcase name="modifyCustomerTest" time="0.001" classname="practice.CustomerdataTest"/>
</testsuite> <!-- practice.CustomerdataTest -->
