<?xml version="1.0" encoding="UTF-8"?>
<!-- Generated by org.testng.reporters.JUnitReportReporter -->
<testsuite skipped="0" hostname="LAPTOP-0QJFP7EQ" name="practice.SampleTestScreenShot" tests="1" failures="0" timestamp="24 Jan 2022 04:15:58 GMT" time="19.117" errors="0">
  <testcase name="contactTest" time="19.117" classname="practice.SampleTestScreenShot"/>
</testsuite> <!-- practice.SampleTestScreenShot -->
