<?xml version="1.0" encoding="UTF-8"?>
<!-- Generated by org.testng.reporters.JUnitReportReporter -->
<testsuite skipped="0" hostname="LAPTOP-0QJFP7EQ" name="practice.SampleTestForScreenShot" tests="1" failures="0" timestamp="24 Jan 2022 04:52:22 GMT" time="11.884" errors="0">
  <testcase name="sampleCodeTest" time="11.884" classname="practice.SampleTestForScreenShot"/>
</testsuite> <!-- practice.SampleTestForScreenShot -->
