<?xml version="1.0" encoding="UTF-8"?>
<!-- Generated by org.testng.reporters.JUnitReportReporter -->
<testsuite skipped="0" hostname="LAPTOP-0QJFP7EQ" name="parsingSerialization.CompanyDetailsObjectArrayTest" tests="1" failures="0" timestamp="16 Feb 2022 11:02:26 GMT" time="0.335" errors="0">
  <testcase name="details" time="0.335" classname="parsingSerialization.CompanyDetailsObjectArrayTest"/>
</testsuite> <!-- parsingSerialization.CompanyDetailsObjectArrayTest -->
