<?xml version="1.0" encoding="UTF-8"?>
<!-- Generated by org.testng.reporters.JUnitReportReporter -->
<testsuite skipped="0" hostname="LAPTOP-0QJFP7EQ" name="com.vtiger.comcast.contactTest.CreateContactTest" tests="4" failures="0" timestamp="23 Jan 2022 18:54:39 GMT" time="123.350" errors="0">
  <testcase name="createcontactTestWithOrgTest" time="36.663" classname="com.vtiger.comcast.contactTest.CreateContactTest"/>
  <testcase name="createcontactTest" time="23.661" classname="com.vtiger.comcast.contactTest.CreateContactTest"/>
  <testcase name="createcontactTest" time="21.848" classname="com.vtiger.comcast.contactTest.CreateContactTest"/>
  <testcase name="createcontactTestWithOrgTest" time="41.178" classname="com.vtiger.comcast.contactTest.CreateContactTest"/>
</testsuite> <!-- com.vtiger.comcast.contactTest.CreateContactTest -->
