<?xml version="1.0" encoding="UTF-8"?>
<!-- Generated by org.testng.reporters.JUnitReportReporter -->
<testsuite skipped="0" hostname="LAPTOP-0QJFP7EQ" name="parsing.EmployeeLIbraryTest" tests="1" failures="0" timestamp="16 Feb 2022 07:16:41 GMT" time="0.354" errors="0">
  <testcase name="serialization" time="0.354" classname="parsing.EmployeeLIbraryTest"/>
</testsuite> <!-- parsing.EmployeeLIbraryTest -->
