<?xml version="1.0" encoding="UTF-8"?>
<!-- Generated by org.testng.reporters.JUnitReportReporter -->
<testsuite skipped="0" hostname="LAPTOP-0QJFP7EQ" name="parsing.EmployeeLibrary2Test" tests="1" failures="0" timestamp="16 Feb 2022 06:42:43 GMT" time="0.322" errors="0">
  <testcase name="serialization" time="0.322" classname="parsing.EmployeeLibrary2Test"/>
</testsuite> <!-- parsing.EmployeeLibrary2Test -->
