<?xml version="1.0" encoding="UTF-8"?>
<!-- Generated by org.testng.reporters.JUnitReportReporter -->
<testsuite skipped="0" hostname="LAPTOP-0QJFP7EQ" name="parsingSerialization.EmployeeDetailsWithSpouseTest" tests="1" failures="0" timestamp="23 Feb 2022 08:17:55 GMT" time="0.343" errors="0">
  <testcase name="serialization" time="0.343" classname="parsingSerialization.EmployeeDetailsWithSpouseTest"/>
</testsuite> <!-- parsingSerialization.EmployeeDetailsWithSpouseTest -->
