<?xml version="1.0" encoding="UTF-8"?>
<!-- Generated by org.testng.reporters.JUnitReportReporter -->
<testsuite skipped="0" hostname="LAPTOP-0QJFP7EQ" name="parsingDeserialization.Deserialization" tests="1" failures="0" timestamp="16 Feb 2022 08:01:01 GMT" time="0.321" errors="0">
  <testcase name="deserialization" time="0.321" classname="parsingDeserialization.Deserialization"/>
</testsuite> <!-- parsingDeserialization.Deserialization -->
